<?xml version="1.0" encoding="UTF-8"?>
<testng-results skipped="0" failed="0" ignored="0" total="1" passed="1">
  <reporter-output>
  </reporter-output>
  <suite name="Suite" duration-ms="6634" started-at="2020-09-16T06:47:20Z" finished-at="2020-09-16T06:47:27Z">
    <groups>
    </groups>
    <test name="Test" duration-ms="6634" started-at="2020-09-16T06:47:20Z" finished-at="2020-09-16T06:47:27Z">
      <class name="login.login">
        <test-method status="PASS" signature="before()[pri:0, instance:login.login@3bfdc050]" name="before" is-config="true" duration-ms="556" started-at="2020-09-16T12:17:20Z" finished-at="2020-09-16T12:17:20Z">
          <reporter-output>
          </reporter-output>
        </test-method> <!-- before -->
        <test-method status="PASS" signature="Login_Into_TestEnvironment()[pri:1, instance:login.login@3bfdc050]" name="Login_Into_TestEnvironment" duration-ms="6591" started-at="2020-09-16T12:17:20Z" description="this function will login into specific environment" finished-at="2020-09-16T12:17:27Z">
          <reporter-output>
          </reporter-output>
        </test-method> <!-- Login_Into_TestEnvironment -->
        <test-method status="PASS" signature="extentReportClosure()[pri:0, instance:login.login@3bfdc050]" name="extentReportClosure" is-config="true" duration-ms="1899" started-at="2020-09-16T12:17:27Z" finished-at="2020-09-16T12:17:29Z">
          <reporter-output>
          </reporter-output>
        </test-method> <!-- extentReportClosure -->
      </class> <!-- login.login -->
    </test> <!-- Test -->
  </suite> <!-- Suite -->
</testng-results>
